<?xml version="1.0" encoding="UTF-8"?>
<!-- Generated by org.testng.reporters.JUnitXMLReporter -->
<testsuite ignored="0" hostname="Saidineshs-MacBook-Pro.local" failures="1" tests="3" name="FireFox testing" time="16.638" errors="0" timestamp="2023-02-13T19:19:34 IST">
  <testcase classname="remoteTestingDocker.DockerValidation.AppTest" name="shouldAnswerWithTrue" time="0.01"/>
  <testcase classname="remoteTestingDocker.DockerValidation.Googlepage" name="verifygooglepage" time="5.178">
    <failure type="java.lang.AssertionError" message="expected [Google] but found [Facebook – log in or sign up]">
      <![CDATA[java.lang.AssertionError: expected [Google] but found [Facebook – log in or sign up]
at remoteTestingDocker.DockerValidation.Googlepage.verifygooglepage(Googlepage.java:13)
at java.base/java.util.ArrayList.forEach(ArrayList.java:1511)
at java.base/java.util.concurrent.FutureTask.run(FutureTask.java:264)
at java.base/java.util.concurrent.ThreadPoolExecutor.runWorker(ThreadPoolExecutor.java:1130)
at java.base/java.util.concurrent.ThreadPoolExecutor$Worker.run(ThreadPoolExecutor.java:630)
at java.base/java.lang.Thread.run(Thread.java:831)
... Removed 24 stack frames]]>
    </failure>
  </testcase> <!-- verifygooglepage -->
  <testcase classname="remoteTestingDocker.DockerValidation.Googlepage" name="verifyfacebookpage" time="2.044"/>
</testsuite> <!-- FireFox testing -->
