<?xml version="1.0" encoding="UTF-8"?>
<!-- Generated by org.testng.reporters.JUnitXMLReporter -->
<testsuite ignored="0" hostname="Saidineshs-MacBook-Pro.local" failures="1" tests="3" name="Chrome testing" time="16.083" errors="0" timestamp="2023-02-08T06:26:33 IST">
  <testcase classname="remoteTestingDocker.DockerValidation.AppTest" name="shouldAnswerWithTrue" time="0.005"/>
  <testcase classname="remoteTestingDocker.DockerValidation.Googlepage" name="verifygooglepage" time="4.474"/>
  <testcase classname="remoteTestingDocker.DockerValidation.Googlepage" name="verifyfacebookpage" time="5.238">
    <failure type="java.lang.AssertionError" message="expected [Facebook – log in or sign up] but found [Google]">
      <![CDATA[java.lang.AssertionError: expected [Facebook – log in or sign up] but found [Google]
at remoteTestingDocker.DockerValidation.Googlepage.verifyfacebookpage(Googlepage.java:19)
at java.base/java.util.ArrayList.forEach(ArrayList.java:1511)
at java.base/java.util.concurrent.FutureTask.run(FutureTask.java:264)
at java.base/java.util.concurrent.ThreadPoolExecutor.runWorker(ThreadPoolExecutor.java:1130)
at java.base/java.util.concurrent.ThreadPoolExecutor$Worker.run(ThreadPoolExecutor.java:630)
at java.base/java.lang.Thread.run(Thread.java:831)
... Removed 24 stack frames]]>
    </failure>
  </testcase> <!-- verifyfacebookpage -->
</testsuite> <!-- Chrome testing -->
