<!DOCTYPE html PUBLIC "-//W3C//DTD XHTML 1.1//EN" "https://www.w3.org/TR/xhtml11/DTD/xhtml11.dtd">
<html xmlns="https://www.w3.org/1999/xhtml">
<head>
<meta http-equiv="content-type" content="text/html; charset=UTF-8"/>
<title>TestNG Report</title>
<style type="text/css">table {margin-bottom:10px;border-collapse:collapse;empty-cells:show}th,td {border:1px solid #009;padding:.25em .5em}th {vertical-align:bottom}td {vertical-align:top}table a {font-weight:bold}.stripe td {background-color: #E6EBF9}.num {text-align:right}.passedodd td {background-color: #3F3}.passedeven td {background-color: #0A0}.skippedodd td {background-color: #DDD}.skippedeven td {background-color: #CCC}.failedodd td,.attn {background-color: #F33}.failedeven td,.stripe .attn {background-color: #D00}.stacktrace {white-space:pre;font-family:monospace}.totop {font-size:85%;text-align:center;border-bottom:2px solid #000}.invisible {display:none}</style>
</head>
<body>
<table>
<tr><th>Test</th><th># Passed</th><th># Skipped</th><th># Retried</th><th># Failed</th><th>Time (ms)</th><th>Included Groups</th><th>Excluded Groups</th></tr>
<tr><th colspan="8">Suite</th></tr>
<tr><td><a href="#t0">Edge testing</a></td><td class="num">2</td><td class="num">0</td><td class="num">0</td><td class="num attn">1</td><td class="num">237,738</td><td></td><td></td></tr>
<tr class="stripe"><td><a href="#t1">Chrome testing</a></td><td class="num">2</td><td class="num">0</td><td class="num">0</td><td class="num attn">1</td><td class="num">237,731</td><td></td><td></td></tr>
<tr><td><a href="#t2">FireFox testing</a></td><td class="num">2</td><td class="num">0</td><td class="num">0</td><td class="num attn">1</td><td class="num">239,199</td><td></td><td></td></tr>
<tr><th>Total</th><th class="num">6</th><th class="num">0</th><th class="num">0</th><th class="num attn">3</th><th class="num">714,668</th><th colspan="2"></th></tr>
</table>
<table id='summary'><thead><tr><th>Class</th><th>Method</th><th>Start</th><th>Time (ms)</th></tr></thead><tbody><tr><th colspan="4">Suite</th></tr></tbody><tbody id="t0"><tr><th colspan="4">Edge testing &#8212; failed</th></tr><tr class="failedeven"><td rowspan="1">remoteTestingDocker.DockerValidation.Googlepage</td><td><a href="#m0">verifyfacebookpage</a></td><td rowspan="1">1687242121082</td><td rowspan="1">7267</td></tr><tr><th colspan="4">Edge testing &#8212; passed</th></tr><tr class="passedeven"><td rowspan="1">remoteTestingDocker.DockerValidation.AppTest</td><td><a href="#m1">shouldAnswerWithTrue</a></td><td rowspan="1">1687241890633</td><td rowspan="1">5</td></tr><tr class="passedodd"><td rowspan="1">remoteTestingDocker.DockerValidation.Googlepage</td><td><a href="#m2">verifygooglepage</a></td><td rowspan="1">1687242112431</td><td rowspan="1">8650</td></tr></tbody>
<tbody id="t1"><tr><th colspan="4">Chrome testing &#8212; failed</th></tr><tr class="failedeven"><td rowspan="1">remoteTestingDocker.DockerValidation.Googlepage</td><td><a href="#m3">verifyfacebookpage</a></td><td rowspan="1">1687242121068</td><td rowspan="1">7263</td></tr><tr><th colspan="4">Chrome testing &#8212; passed</th></tr><tr class="passedeven"><td rowspan="1">remoteTestingDocker.DockerValidation.AppTest</td><td><a href="#m4">shouldAnswerWithTrue</a></td><td rowspan="1">1687241890633</td><td rowspan="1">5</td></tr><tr class="passedodd"><td rowspan="1">remoteTestingDocker.DockerValidation.Googlepage</td><td><a href="#m5">verifygooglepage</a></td><td rowspan="1">1687242112026</td><td rowspan="1">9040</td></tr></tbody>
<tbody id="t2"><tr><th colspan="4">FireFox testing &#8212; failed</th></tr><tr class="failedeven"><td rowspan="1">remoteTestingDocker.DockerValidation.Googlepage</td><td><a href="#m6">verifyfacebookpage</a></td><td rowspan="1">1687242123854</td><td rowspan="1">5956</td></tr><tr><th colspan="4">FireFox testing &#8212; passed</th></tr><tr class="passedeven"><td rowspan="1">remoteTestingDocker.DockerValidation.AppTest</td><td><a href="#m7">shouldAnswerWithTrue</a></td><td rowspan="1">1687241890633</td><td rowspan="1">5</td></tr><tr class="passedodd"><td rowspan="1">remoteTestingDocker.DockerValidation.Googlepage</td><td><a href="#m8">verifygooglepage</a></td><td rowspan="1">1687242116743</td><td rowspan="1">7110</td></tr></tbody>
</table>
<h2>Edge testing</h2><h3 id="m0">remoteTestingDocker.DockerValidation.Googlepage#verifyfacebookpage</h3><table class="result"><tr><th>Exception</th></tr><tr><td><div class="stacktrace">java.lang.AssertionError: expected [Facebook - log in or sign up] but found [Facebook – log in or sign up]
	at remoteTestingDocker.DockerValidation.Googlepage.verifyfacebookpage(Googlepage.java:21)
	at java.base/java.util.ArrayList.forEach(ArrayList.java:1511)
	at java.base/java.util.concurrent.FutureTask.run(FutureTask.java:264)
	at java.base/java.util.concurrent.ThreadPoolExecutor.runWorker(ThreadPoolExecutor.java:1130)
	at java.base/java.util.concurrent.ThreadPoolExecutor$Worker.run(ThreadPoolExecutor.java:630)
	at java.base/java.lang.Thread.run(Thread.java:831)
... Removed 24 stack frames</div></td></tr></table><p class="totop"><a href="#summary">back to summary</a></p>
<h3 id="m1">remoteTestingDocker.DockerValidation.AppTest#shouldAnswerWithTrue</h3><table class="result"><tr><th class="invisible"/></tr></table><p class="totop"><a href="#summary">back to summary</a></p>
<h3 id="m2">remoteTestingDocker.DockerValidation.Googlepage#verifygooglepage</h3><table class="result"><tr><th class="invisible"/></tr></table><p class="totop"><a href="#summary">back to summary</a></p>
<h2>Chrome testing</h2><h3 id="m3">remoteTestingDocker.DockerValidation.Googlepage#verifyfacebookpage</h3><table class="result"><tr><th>Exception</th></tr><tr><td><div class="stacktrace">java.lang.AssertionError: expected [Facebook - log in or sign up] but found [Facebook – log in or sign up]
	at remoteTestingDocker.DockerValidation.Googlepage.verifyfacebookpage(Googlepage.java:21)
	at java.base/java.util.ArrayList.forEach(ArrayList.java:1511)
	at java.base/java.util.concurrent.FutureTask.run(FutureTask.java:264)
	at java.base/java.util.concurrent.ThreadPoolExecutor.runWorker(ThreadPoolExecutor.java:1130)
	at java.base/java.util.concurrent.ThreadPoolExecutor$Worker.run(ThreadPoolExecutor.java:630)
	at java.base/java.lang.Thread.run(Thread.java:831)
... Removed 24 stack frames</div></td></tr></table><p class="totop"><a href="#summary">back to summary</a></p>
<h3 id="m4">remoteTestingDocker.DockerValidation.AppTest#shouldAnswerWithTrue</h3><table class="result"><tr><th class="invisible"/></tr></table><p class="totop"><a href="#summary">back to summary</a></p>
<h3 id="m5">remoteTestingDocker.DockerValidation.Googlepage#verifygooglepage</h3><table class="result"><tr><th class="invisible"/></tr></table><p class="totop"><a href="#summary">back to summary</a></p>
<h2>FireFox testing</h2><h3 id="m6">remoteTestingDocker.DockerValidation.Googlepage#verifyfacebookpage</h3><table class="result"><tr><th>Exception</th></tr><tr><td><div class="stacktrace">java.lang.AssertionError: expected [Facebook - log in or sign up] but found [Facebook – log in or sign up]
	at remoteTestingDocker.DockerValidation.Googlepage.verifyfacebookpage(Googlepage.java:21)
	at java.base/java.util.ArrayList.forEach(ArrayList.java:1511)
	at java.base/java.util.concurrent.FutureTask.run(FutureTask.java:264)
	at java.base/java.util.concurrent.ThreadPoolExecutor.runWorker(ThreadPoolExecutor.java:1130)
	at java.base/java.util.concurrent.ThreadPoolExecutor$Worker.run(ThreadPoolExecutor.java:630)
	at java.base/java.lang.Thread.run(Thread.java:831)
... Removed 24 stack frames</div></td></tr></table><p class="totop"><a href="#summary">back to summary</a></p>
<h3 id="m7">remoteTestingDocker.DockerValidation.AppTest#shouldAnswerWithTrue</h3><table class="result"><tr><th class="invisible"/></tr></table><p class="totop"><a href="#summary">back to summary</a></p>
<h3 id="m8">remoteTestingDocker.DockerValidation.Googlepage#verifygooglepage</h3><table class="result"><tr><th class="invisible"/></tr></table><p class="totop"><a href="#summary">back to summary</a></p>
</body>
</html>
